/lib64/ld-linux-x86-64.so.2
]$AM;
5:= 
%<= 
%:= 
%2= 
%*= 
%"= 
%z< 
%r< 
%j< 
%b< 
%Z< 
%R< 
%J< 
%B< 
%:< 
=0< 
fff.
AUATUS
=a7 
=Y7 
=17 
D$0L
D$ H
ffffff.
ffffff.
fff.
AVAUATUSH
D$TdH
T$ L
\$(H
|$@D
D$HH
T$ L
\$(A
T$TH
t$xH
D$0L
L$8D
T$ L
D$0D
T$ L
L$8L
D$`E
t$`H
T$@H
L$Xv
\$XH
v<L9
T$@D
D$0L
T$ L
D$0L
T$ L
D$0L
T$ L
D$0L
T$ L
L$@H
D$0A
T$ L
D$0L
T$ L
\$(H
t$HD
u_L9
D$TL
|$@H
[]A\A]A^A_
t$xI
d$XH
L$xL
D$`H
D$0L
L$8D
T$ I
L$8D
T$@H
L$@H
T$XH
t$(H
L$0H
T$(O
T$ H
T$ I9
t$ H
L$0E
T$(H
t$ H
D$<A
\$HH
l$PL
d$XL
l$`L
t$hL
|$pH
ffffff.
D$ H
D$(H
\$HH
l$PL
d$XL
l$`H
fff.
ffff.
D$ H
D$(H
\$@H
l$HL
d$PH
ffff.
|$0H
t$8H
L$8@
T$0H
t$(H
L$8H
T$0L
\$ M
T$(t
\$HH
l$PL
d$XL
l$`L
t$hL
|$pH
\$8H
l$@L
d$HL
l$PL
t$XL
|$`H
L$@H
D$@H
D$(H
D$hH
D$0H
ffff.
L$@H
D$@H
D$(H
D$hH
D$0H
6t)H
ffff.
D$HH
L$0L
D$8L
D$8H
L$0H
|$ L
D$HH
L$(H
\$XH
l$`L
d$hL
l$pL
t$xL
D$HH
\$XH
d$hL
l$p1
t$xL
\$XH
l$`L
d$hL
t$xL
\$XH
l$`L
l$pL
t$x1
L$0H
L$0L
L$0L
D$8H
L$0L
D$8L
L$0L
L$@H
L$ H
D$@L
L$HI
D$ H
fffff.
l$ L
t$(L
|$0H
Try `%s --help' for more information.
Force changed blocks to disk, update the super block.
      --help     display this help and exit
      --version  output version information and exit
%s home page: <http://www.gnu.org/software/%s/>
General help using GNU software: <http://www.gnu.org/gethelp/>
Report %s translation bugs to <http://translationproject.org/team/>
For complete documentation, run: info coreutils '%s invocation'
Usage: %s [OPTION]
Report %s bugs to %s
bug-coreutils@gnu.org
GNU coreutils
/usr/share/locale
sync
Jim Meyering
ignoring all arguments
A NULL argv[0] was passed through an exec system call.
/.libs/
write error
%s: %s
help
version
literal
shell
shell-always
c-maybe
escape
clocale
Report bugs to: %s
%s (%s) %s
%s %s
Written by %s.
Written by %s and %s.
Written by %s, %s, and %s.
License GPLv3+: GNU GPL version 3 or later <http://gnu.org/licenses/gpl.html>.
This is free software: you are free to change and redistribute it.
There is NO WARRANTY, to the extent permitted by law.
Written by %s, %s, %s,
and %s.
Written by %s, %s, %s,
%s, and %s.
Written by %s, %s, %s,
%s, %s, and %s.
Written by %s, %s, %s,
%s, %s, %s, and %s.
Written by %s, %s, %s,
%s, %s, %s, %s,
and %s.
Written by %s, %s, %s,
%s, %s, %s, %s,
%s, and %s.
Written by %s, %s, %s,
%s, %s, %s, %s,
%s, %s, and others.
Copyright %s %d Free Software Foundation, Inc.
memory exhausted
__gmon_start__
libc.so.6
__printf_chk
setlocale
mbrtowc
optind
strrchr
dcgettext
error
__stack_chk_fail
iswprint
realloc
abort
_exit
program_invocation_name
__ctype_get_mb_cur_max
calloc
strlen
memset
__errno_location
__fprintf_chk
memcpy
fclose
malloc
mbsinit
__ctype_b_loc
stderr
getopt_long
fwrite
__fpending
program_invocation_short_name
bindtextdomain
sync
opterr
__libc_start_main
fputs_unlocked
free
__progname
__progname_full
__cxa_atexit
exit_failure
version_etc_copyright
close_stdout
usage
program_name
Version
GLIBC_2.4
GLIBC_2.3
GLIBC_2.3.4
GLIBC_2.2.5
/lib64/ld-linux-x86-64.so.2
sync.debug
.shstrtab
.interp
.note.ABI-tag
.note.gnu.build-id
.gnu.hash
.dynsym
.dynstr
.gnu.version
.gnu.version_r
.rela.dyn
.rela.plt
.init
.text
.fini
.rodata
.eh_frame_hdr
.eh_frame
.ctors
.dtors
.jcr
.data.rel.ro
.dynamic
.got
.got.plt
.data
.bss
.gnu_debuglink
.gnu.liblist
.gnu.conflict
.gnu.prelink_undo
